------------------------------
Timestamp : 2025-11-06T06:58:40.598Z
From      : FoodCard Admin <muppuridivyasree@gmail.com>
To        : muppuridivyasree@gmail.com
Subject   : Your wallet has been credited
Meta      : {"from":"FoodCard Admin <muppuridivyasree@gmail.com>","userId":"690c46d37916de8d6906c76c","reason":""}
Body      :

    <div style="font-family: Arial, sans-serif; line-height:1.5; color:#222;">
      <h3>Your wallet has been credited</h3>
      <p>Hi Thulasi Priya,</p>
      <p>Your wallet has been <strong>credited</strong> by <strong>₹12500.00</strong>.</p>
      
      <p><strong>New balance:</strong> ₹12500.00</p>
      <hr/>
      <p style="font-size:0.9em; color:#666;">If you did not request this change, contact support.</p>
      <p>— FoodCard Admin</p>
    </div>
  


------------------------------
Timestamp : 2025-11-06T07:01:03.088Z
From      : FoodCard Admin <muppuridivyasree@gmail.com>
To        : muppuridivyasree@gmail.com
Subject   : Your wallet has been credited
Meta      : {"from":"FoodCard Admin <muppuridivyasree@gmail.com>","userId":"690c46d37916de8d6906c76c","reason":""}
Body      :

    <div style="font-family: Arial, sans-serif; line-height:1.5; color:#222;">
      <h3>Your wallet has been credited</h3>
      <p>Hi Thulasi Priya,</p>
      <p>Your wallet has been <strong>credited</strong> by <strong>₹13000.00</strong>.</p>
      
      <p><strong>New balance:</strong> ₹25500.00</p>
      <hr/>
      <p style="font-size:0.9em; color:#666;">If you did not request this change, contact support.</p>
      <p>— FoodCard Admin</p>
    </div>
  


------------------------------
Timestamp : 2025-11-06T07:02:08.941Z
From      : FoodCard Admin <muppuridivyasree@gmail.com>
To        : muppuridivyasree@gmail.com
Subject   : Your wallet has been credited
Meta      : {"from":"FoodCard Admin <muppuridivyasree@gmail.com>","userId":"690c46d37916de8d6906c76c","reason":""}
Body      :

    <div style="font-family: Arial, sans-serif; line-height:1.5; color:#222;">
      <h3>Your wallet has been credited</h3>
      <p>Hi Thulasi Priya,</p>
      <p>Your wallet has been <strong>credited</strong> by <strong>₹30000.00</strong>.</p>
      
      <p><strong>New balance:</strong> ₹55500.00</p>
      <hr/>
      <p style="font-size:0.9em; color:#666;">If you did not request this change, contact support.</p>
      <p>— FoodCard Admin</p>
    </div>
  


